License checkout took 1.688 sec
License checkout took 0.763 sec
Momentum MomEngine_64 2025.10.433 (*) built: Oct 23 2024
Copyright  1992 - 2024 Keysight Technologies
Simulation started on: Tue Jun 17 15:59:47 2025
Simulation Mode: uW

--- ERROR ---------------------------------------------------------------------

Unable to open the file proj.sub.

Check : - existence of file ;
        - file/directory read access permissions.

-------------------------------------------------------------------------------

--- ERROR ---------------------------------------------------------------------

Unable to open the file proj.lmp.

Check : - existence of file ;
        - file/directory read access permissions.

-------------------------------------------------------------------------------
Simulation finished on: Tue Jun 17 15:59:47 2025
License checkout took 1.727 sec
License checkout took 0.732 sec
Momentum MomEngine_64 2025.10.433 (*) built: Oct 23 2024
Copyright  1992 - 2024 Keysight Technologies
Simulation started on: Tue Jun 17 16:00:36 2025
Simulation Mode: uW

--- ERROR ---------------------------------------------------------------------

Unable to open the file proj.sub.

Check : - existence of file ;
        - file/directory read access permissions.

-------------------------------------------------------------------------------

--- ERROR ---------------------------------------------------------------------

Unable to open the file proj.lmp.

Check : - existence of file ;
        - file/directory read access permissions.

-------------------------------------------------------------------------------
Simulation finished on: Tue Jun 17 16:00:36 2025
License checkout took 1.709 sec
License checkout took 0.732 sec
Momentum MomEngine_64 2025.10.433 (*) built: Oct 23 2024
Copyright  1992 - 2024 Keysight Technologies
Simulation started on: Tue Jun 17 16:04:30 2025
Simulation Mode: uW

--- ERROR ---------------------------------------------------------------------

Unable to open the file proj.sub.

Check : - existence of file ;
        - file/directory read access permissions.

-------------------------------------------------------------------------------

--- ERROR ---------------------------------------------------------------------

Unable to open the file proj.lmp.

Check : - existence of file ;
        - file/directory read access permissions.

-------------------------------------------------------------------------------
Simulation finished on: Tue Jun 17 16:04:30 2025
